2025-05-17 19:25:58,069 - INFO - Anonymized telemetry enabled. See                     https://docs.trychroma.com/telemetry for more information.
2025-05-17 19:25:59,482 - INFO - Bắt đầu quá trình embedding...
2025-05-17 19:25:59,484 - INFO - Tìm thấy 4 file (.md và .json) trong thư mục data
2025-05-17 19:25:59,486 - INFO - Use pytorch device_name: cpu
2025-05-17 19:25:59,486 - INFO - Load pretrained SentenceTransformer: paraphrase-multilingual-mpnet-base-v2
2025-05-17 19:26:04,706 - WARNING - Xet Storage is enabled for this repo, but the 'hf_xet' package is not installed. Falling back to regular HTTP download. For better performance, install the package with: `pip install huggingface_hub[hf_xet]` or `pip install hf_xet`
2025-05-17 19:27:44,228 - WARNING - Xet Storage is enabled for this repo, but the 'hf_xet' package is not installed. Falling back to regular HTTP download. For better performance, install the package with: `pip install huggingface_hub[hf_xet]` or `pip install hf_xet`
2025-05-17 19:30:55,733 - INFO - Anonymized telemetry enabled. See                     https://docs.trychroma.com/telemetry for more information.
2025-05-17 19:30:56,206 - INFO - Bắt đầu quá trình embedding...
2025-05-17 19:30:56,207 - INFO - Tìm thấy 4 file (.md và .json) trong thư mục data
2025-05-17 19:30:56,210 - INFO - Use pytorch device_name: cpu
2025-05-17 19:30:56,211 - INFO - Load pretrained SentenceTransformer: paraphrase-multilingual-mpnet-base-v2
2025-05-17 19:31:03,044 - INFO - Xử lý file data/NĐ 84_QĐ ve HB.md
2025-05-17 19:31:03,047 - WARNING - Section bị bỏ qua trong data/NĐ 84_QĐ ve HB.md: # 84/2020/NĐ-CP... (Không tìm thấy tiêu đề dạng ###)
2025-05-17 19:31:03,048 - INFO - Xử lý file data/1_QĐ_SO_51_2020_QUY_ĐỊNH_VỀ_HỌC_BỔNG_ĐỐI_VỚI_SINH_VIÊN_ĐẠI_HỌC_CHÍNH.md
2025-05-17 19:31:03,054 - INFO - Tìm thấy 28 section trong file data/NĐ 84_QĐ ve HB.md
2025-05-17 19:31:03,056 - INFO - Xử lý file data/8_Văn_bản_hợp_nhất_số_05_2021_QD_TTg_final_hợp_nhất_1121,_194.md
2025-05-17 19:31:03,068 - INFO - Xử lý file data/2.QĐ so 365_SUA DOI BO SUNG QĐ 51 VE HOC BONG.md
2025-05-17 19:31:03,068 - WARNING - Section bị bỏ qua trong data/1_QĐ_SO_51_2020_QUY_ĐỊNH_VỀ_HỌC_BỔNG_ĐỐI_VỚI_SINH_VIÊN_ĐẠI_HỌC_CHÍNH.md: # 51/QĐ-ĐHCNTT&TT... (Không tìm thấy tiêu đề dạng ###)
2025-05-17 19:31:03,074 - INFO - Tìm thấy 7 section trong file data/8_Văn_bản_hợp_nhất_số_05_2021_QD_TTg_final_hợp_nhất_1121,_194.md
2025-05-17 19:31:03,082 - INFO - Tìm thấy 23 section trong file data/1_QĐ_SO_51_2020_QUY_ĐỊNH_VỀ_HỌC_BỔNG_ĐỐI_VỚI_SINH_VIÊN_ĐẠI_HỌC_CHÍNH.md
2025-05-17 19:31:03,078 - INFO - Tìm thấy 10 section trong file data/2.QĐ so 365_SUA DOI BO SUNG QĐ 51 VE HOC BONG.md
2025-05-17 19:31:03,076 - INFO - Use pytorch device_name: cpu
2025-05-17 19:31:03,097 - INFO - Use pytorch device_name: cpu
2025-05-17 19:31:03,101 - INFO - Use pytorch device_name: cpu
2025-05-17 19:31:03,104 - INFO - Load pretrained SentenceTransformer: paraphrase-multilingual-mpnet-base-v2
2025-05-17 19:31:03,103 - INFO - Load pretrained SentenceTransformer: paraphrase-multilingual-mpnet-base-v2
2025-05-17 19:31:03,103 - INFO - Load pretrained SentenceTransformer: paraphrase-multilingual-mpnet-base-v2
2025-05-17 19:31:03,107 - INFO - Use pytorch device_name: cpu
2025-05-17 19:31:03,129 - INFO - Load pretrained SentenceTransformer: paraphrase-multilingual-mpnet-base-v2
2025-05-17 19:31:24,377 - ERROR - Không thể tải mô hình paraphrase-multilingual-mpnet-base-v2: Cannot copy out of meta tensor; no data! Please use torch.nn.Module.to_empty() instead of torch.nn.Module.to() when moving module from meta to a different device.
2025-05-17 19:31:38,849 - INFO - Đã xử lý batch 1 với 7 section
2025-05-17 19:31:40,415 - INFO - Đã xử lý batch 1 với 10 section
2025-05-17 19:31:40,434 - INFO - Use pytorch device_name: cpu
2025-05-17 19:31:40,435 - INFO - Load pretrained SentenceTransformer: paraphrase-multilingual-mpnet-base-v2
2025-05-17 19:31:41,155 - INFO - Đã xử lý batch 1 với 10 section
2025-05-17 19:31:41,159 - INFO - Use pytorch device_name: cpu
2025-05-17 19:31:41,160 - INFO - Load pretrained SentenceTransformer: paraphrase-multilingual-mpnet-base-v2
2025-05-17 19:32:24,163 - ERROR - Không thể tải mô hình paraphrase-multilingual-mpnet-base-v2: Cannot copy out of meta tensor; no data! Please use torch.nn.Module.to_empty() instead of torch.nn.Module.to() when moving module from meta to a different device.
2025-05-17 19:32:35,098 - ERROR - Không thể tải mô hình paraphrase-multilingual-mpnet-base-v2: Cannot copy out of meta tensor; no data! Please use torch.nn.Module.to_empty() instead of torch.nn.Module.to() when moving module from meta to a different device.
2025-05-19 04:25:20,251 - INFO - Anonymized telemetry enabled. See                     https://docs.trychroma.com/telemetry for more information.
2025-05-19 04:25:21,248 - INFO - Use pytorch device_name: cpu
2025-05-19 04:25:21,249 - INFO - Load pretrained SentenceTransformer: paraphrase-multilingual-mpnet-base-v2
2025-05-19 04:25:28,863 - INFO - Bắt đầu quá trình embedding...
2025-05-19 04:25:28,865 - INFO - Tìm thấy 4 file (.md và .json) trong thư mục data
2025-05-19 04:25:28,970 - INFO - Xử lý file data/NĐ 84_QĐ ve HB.md
2025-05-19 04:25:28,972 - INFO - Xử lý file data/1_QĐ_SO_51_2020_QUY_ĐỊNH_VỀ_HỌC_BỔNG_ĐỐI_VỚI_SINH_VIÊN_ĐẠI_HỌC_CHÍNH.md
2025-05-19 04:25:28,974 - WARNING - Section bị bỏ qua trong data/NĐ 84_QĐ ve HB.md: # 84/2020/NĐ-CP... (Không tìm thấy tiêu đề dạng ###)
2025-05-19 04:25:28,982 - INFO - Tìm thấy 28 section trong file data/NĐ 84_QĐ ve HB.md
2025-05-19 04:25:28,995 - WARNING - Section bị bỏ qua trong data/1_QĐ_SO_51_2020_QUY_ĐỊNH_VỀ_HỌC_BỔNG_ĐỐI_VỚI_SINH_VIÊN_ĐẠI_HỌC_CHÍNH.md: # 51/QĐ-ĐHCNTT&TT... (Không tìm thấy tiêu đề dạng ###)
2025-05-19 04:25:29,006 - INFO - Tìm thấy 23 section trong file data/1_QĐ_SO_51_2020_QUY_ĐỊNH_VỀ_HỌC_BỔNG_ĐỐI_VỚI_SINH_VIÊN_ĐẠI_HỌC_CHÍNH.md
